build/app/outputs/mapping/release/seeds.txt
com.tecniseo.mrpedido.Application
com.tecniseo.mrpedido.MainActivity: MainActivity()
com.tecniseo.mrpedido.MainActivity
com.tecniseo.mrpedido.Application: Application()
...
org.threeten.bp.Period
io.flutter.embedding.android.FlutterSplashView$SavedState: FlutterSplashView$SavedState(android.os.Parcelable)
io.flutter.embedding.engine.systemchannels.PlatformChannel$DeviceOrientation: io.flutter.embedding.engine.systemchannels.PlatformChannel$DeviceOrientation[] values()
org.chromium.support_lib_boundary.WebViewProviderFactoryBoundaryInterface: java.lang.String[] getSupportedFeatures()
com.google.android.gms.internal.measurement.zzfe: java.lang.String zzf
com.google.firebase.datatransport.TransportRegistrar
io.flutter.plugins.firebase.messaging.FlutterFirebaseMessagingReceiver
com.google.android.gms.common.internal.ReflectedParcelable
io.flutter.embedding.engine.systemchannels.PlatformChannel$SystemUiOverlay: io.flutter.embedding.engine.systemchannels.PlatformChannel$SystemUiOverlay[] values()
com.google.android.gms.maps.model.VisibleRegion: android.os.Parcelable$Creator CREATOR
com.dexterous.flutterlocalnotifications.RepeatInterval: com.dexterous.flutterlocalnotifications.RepeatInterval Hourly
io.flutter.embedding.engine.FlutterJNI: void setPlatformViewsController(io.flutter.plugin.platform.PlatformViewsController)
com.google.firebase.installations.FirebaseInstallationsRegistrar: FirebaseInstallationsRegistrar()
com.dexterous.flutterlocalnotifications.FlutterLocalNotificationsPlugin: void zonedScheduleNotification(android.content.Context,com.dexterous.flutterlocalnotifications.models.NotificationDetails,java.lang.Boolean)
io.flutter.embedding.engine.systemchannels.TextInputChannel$TextInputType: io.flutter.embedding.engine.systemchannels.TextInputChannel$TextInputType valueOf(java.lang.String)
io.flutter.embedding.android.TransparencyMode: io.flutter.embedding.android.TransparencyMode[] values()
com.dexterous.flutterlocalnotifications.models.NotificationDetails: java.lang.Integer groupAlertBehavior
com.dexterous.flutterlocalnotifications.models.NotificationChannelDetails: java.lang.String LED_COLOR_ALPHA
com.dexterous.flutterlocalnotifications.FlutterLocalNotificationsPlugin: long calculateRepeatIntervalMilliseconds(com.dexterous.flutterlocalnotifications.models.NotificationDetails)
com.dexterous.flutterlocalnotifications.models.IconSource: com.dexterous.flutterlocalnotifications.models.IconSource valueOf(java.lang.String)
io.flutter.embedding.engine.FlutterJNI: void nativeDeferredComponentInstallFailure(int,java.lang.String,boolean)
io.flutter.embedding.engine.mutatorsstack.FlutterMutatorsStack: void pushClipRRect(int,int,int,int,float[])
com.dexterous.flutterlocalnotifications.models.NotificationDetails: void readPlatformSpecifics(java.util.Map,com.dexterous.flutterlocalnotifications.models.NotificationDetails)
com.google.android.gms.internal.measurement.zzfm
io.flutter.embedding.android.FlutterView: android.view.accessibility.AccessibilityNodeProvider getAccessibilityNodeProvider()
com.google.android.gms.internal.measurement.zzex
com.google.android.gms.measurement.internal.AppMeasurementDynamiteService: void onActivityResumed(com.google.android.gms.dynamic.IObjectWrapper,long)
org.threeten.bp.Duration
io.flutter.embedding.engine.systemchannels.PlatformChannel$SystemUiOverlay: io.flutter.embedding.engine.systemchannels.PlatformChannel$SystemUiOverlay valueOf(java.lang.String)
com.dexterous.flutterlocalnotifications.models.IconSource: com.dexterous.flutterlocalnotifications.models.IconSource[] values()
io.flutter.embedding.engine.FlutterJNI: void nativeSurfaceWindowChanged(long,android.view.Surface)
org.threeten.bp.temporal.ChronoField: org.threeten.bp.temporal.ChronoField valueOf(java.lang.String)
com.google.firebase.heartbeatinfo.HeartBeatInfo$HeartBeat: com.google.firebase.heartbeatinfo.HeartBeatInfo$HeartBeat[] values()
com.dexterous.flutterlocalnotifications.models.NotificationDetails: java.lang.String SUMMARY_TEXT
io.flutter.embedding.engine.FlutterJNI: boolean nativeFlutterTextUtilsIsEmoji(int)