build/app/outputs/mapping/release/mapping.txt
# compiler: R8
# compiler_version: 2.1.86
# min_api: 20
# pg_map_id: aa221c6
# common_typos_disable
com.tecniseo.mrpedido.Application -> com.tecniseo.mrpedido.Application:
    void registerWith(io.flutter.plugin.common.PluginRegistry) -> a
com.tecniseo.mrpedido.FirebaseCloudMessagingPluginRegistrant -> com.tecniseo.mrpedido.a:
    com.tecniseo.mrpedido.FirebaseCloudMessagingPluginRegistrant$Companion Companion -> a
com.tecniseo.mrpedido.FirebaseCloudMessagingPluginRegistrant$Companion -> com.tecniseo.mrpedido.a$a:
    boolean alreadyRegisteredWith(io.flutter.plugin.common.PluginRegistry) -> a
    void registerWith(io.flutter.plugin.common.PluginRegistry) -> b
...
com.google.gson.internal.LinkedTreeMap -> c.b.c.y.h:
    com.google.gson.internal.LinkedTreeMap$Node root -> j
    com.google.gson.internal.LinkedTreeMap$EntrySet entrySet -> n
    int modCount -> l
    int size -> k
    java.util.Comparator comparator -> i
    com.google.gson.internal.LinkedTreeMap$Node header -> m
    com.google.gson.internal.LinkedTreeMap$KeySet keySet -> o
    java.util.Comparator NATURAL_ORDER -> p
    boolean equal(java.lang.Object,java.lang.Object) -> a
    com.google.gson.internal.LinkedTreeMap$Node find(java.lang.Object,boolean) -> b
    com.google.gson.internal.LinkedTreeMap$Node findByEntry(java.util.Map$Entry) -> c
    com.google.gson.internal.LinkedTreeMap$Node findByObject(java.lang.Object) -> d
    void rebalance(com.google.gson.internal.LinkedTreeMap$Node,boolean) -> e
    void removeInternal(com.google.gson.internal.LinkedTreeMap$Node,boolean) -> f
    com.google.gson.internal.LinkedTreeMap$Node removeInternalByKey(java.lang.Object) -> g
    void replaceInParent(com.google.gson.internal.LinkedTreeMap$Node,com.google.gson.internal.LinkedTreeMap$Node) -> h
    void rotateLeft(com.google.gson.internal.LinkedTreeMap$Node) -> i
    void rotateRight(com.google.gson.internal.LinkedTreeMap$Node) -> j
com.google.gson.internal.LinkedTreeMap$1 -> c.b.c.y.h$a:
    int compare(java.lang.Comparable,java.lang.Comparable) -> a
com.google.gson.internal.LinkedTreeMap$EntrySet -> c.b.c.y.h$b:
    com.google.gson.internal.LinkedTreeMap this$0 -> i
com.google.gson.internal.LinkedTreeMap$EntrySet$1 -> c.b.c.y.h$b$a:
    java.util.Map$Entry next() -> b
com.google.gson.internal.LinkedTreeMap$KeySet -> c.b.c.y.h$c:
    com.google.gson.internal.LinkedTreeMap this$0 -> i
com.google.gson.internal.LinkedTreeMap$KeySet$1 -> c.b.c.y.h$c$a:
com.google.gson.internal.LinkedTreeMap$LinkedTreeMapIterator -> c.b.c.y.h$d:
    com.google.gson.internal.LinkedTreeMap$Node lastReturned -> j
    com.google.gson.internal.LinkedTreeMap this$0 -> l
    com.google.gson.internal.LinkedTreeMap$Node next -> i
    int expectedModCount -> k
    com.google.gson.internal.LinkedTreeMap$Node nextNode() -> a
com.google.gson.internal.LinkedTreeMap$Node -> c.b.c.y.h$e:
    com.google.gson.internal.LinkedTreeMap$Node left -> j
    com.google.gson.internal.LinkedTreeMap$Node right -> k
    com.google.gson.internal.LinkedTreeMap$Node parent -> i
    com.google.gson.internal.LinkedTreeMap$Node next -> l
    com.google.gson.internal.LinkedTreeMap$Node prev -> m
    java.lang.Object key -> n
    java.lang.Object value -> o
    int height -> p
    com.google.gson.internal.LinkedTreeMap$Node first() -> a
    com.google.gson.internal.LinkedTreeMap$Node last() -> b
com.google.gson.internal.ObjectConstructor -> c.b.c.y.i:
    java.lang.Object construct() -> a
com.google.gson.internal.PreJava9DateFormatProvider -> c.b.c.y.j:
    java.lang.String getDatePartOfDateTimePattern(int) -> a
    java.lang.String getTimePartOfDateTimePattern(int) -> b
    java.text.DateFormat getUSDateTimeFormat(int,int) -> c
com.google.gson.internal.Primitives -> c.b.c.y.k:
    boolean isPrimitive(java.lang.reflect.Type) -> a
com.google.gson.internal.Streams -> c.b.c.y.l:
    com.google.gson.JsonElement parse(com.google.gson.stream.JsonReader) -> a
    void write(com.google.gson.JsonElement,com.google.gson.stream.JsonWriter) -> b
    java.io.Writer writerForAppendable(java.lang.Appendable) -> c
com.google.gson.internal.Streams$AppendableWriter -> c.b.c.y.l$a:
    java.lang.Appendable appendable -> i
    com.google.gson.internal.Streams$AppendableWriter$CurrentWrite currentWrite -> j
com.google.gson.internal.Streams$AppendableWriter$CurrentWrite -> c.b.c.y.l$a$a:
    char[] chars -> i
com.google.gson.internal.UnsafeAllocator -> c.b.c.y.m:
    void assertInstantiable(java.lang.Class) -> a
    com.google.gson.internal.UnsafeAllocator create() -> b
    java.lang.Object newInstance(java.lang.Class) -> c