build/app/outputs/mapping/release/usage.txt
com.tecniseo.mrpedido.R$xml
com.tecniseo.mrpedido.R$mipmap
com.tecniseo.mrpedido.R$layout
com.tecniseo.mrpedido.R$drawable
com.tecniseo.mrpedido.R$id
com.tecniseo.mrpedido.R
com.tecniseo.mrpedido.R$styleable
com.tecniseo.mrpedido.R$string
com.tecniseo.mrpedido.R$style
com.tecniseo.mrpedido.R$integer
com.tecniseo.mrpedido.R$attr
com.tecniseo.mrpedido.R$color
com.tecniseo.mrpedido.R$raw
com.tecniseo.mrpedido.BuildConfig
com.tecniseo.mrpedido.R$dimen
...
com.google.common.util.concurrent.AbstractScheduledService$Scheduler$1
com.google.common.collect.Multisets$FilteredMultiset
io.flutter.view.FlutterView$ZeroSides
com.google.android.gms.common.util.CrashUtils:
    public void <init>()
com.google.common.primitives.UnsignedLong
com.google.common.collect.LinkedHashMultimapGwtSerializationDependencies
com.google.android.gms.common.util.ProcessUtils:
    private void <init>()
com.google.common.collect.ImmutableMultiset$1
org.threeten.bp.OffsetTime$2
com.google.common.reflect.TypeResolver$1
io.flutter.plugins.urllauncher.R$color
com.google.android.gms.common.internal.safeparcel.SafeParcelable$Field
io.flutter.plugins.flutter_plugin_android_lifecycle.R
com.google.android.gms.common.GooglePlayServicesRepairableException
com.google.android.gms.common.api.Response:
    protected void <init>(com.google.android.gms.common.api.Result)
com.google.common.collect.Maps$AbstractFilteredMap
com.google.common.graph.ValueGraphBuilder
androidx.core.provider.FontsContractCompat$Columns
kotlin.coroutines.intrinsics.IntrinsicsKt__IntrinsicsKt
com.google.android.gms.measurement.api.AppMeasurementSdk$ConditionalUserProperty
com.google.common.util.concurrent.Striped$WeakSafeCondition
androidx.loader.content.Loader:
    public void <init>(android.content.Context)
    public void deliverResult(java.lang.Object)
    public void deliverCancellation()
    public android.content.Context getContext()
    public int getId()
    public void registerListener(int,androidx.loader.content.Loader$OnLoadCompleteListener)
    public void registerOnLoadCanceledListener(androidx.loader.content.Loader$OnLoadCanceledListener)
    public void unregisterOnLoadCanceledListener(androidx.loader.content.Loader$OnLoadCanceledListener)
    public boolean isStarted()
    public boolean isAbandoned()
    public boolean isReset()
    protected void onStartLoading()
    protected boolean onCancelLoad()
    public void forceLoad()
    protected void onForceLoad()
    protected void onStopLoading()
    protected void onAbandon()
    protected void onReset()
    public boolean takeContentChanged()
    public void commitContentChanged()
    public void rollbackContentChanged()
    public void onContentChanged()
    public java.lang.String toString()
    int mId
    androidx.loader.content.Loader$OnLoadCompleteListener mListener
    androidx.loader.content.Loader$OnLoadCanceledListener mOnLoadCanceledListener
    android.content.Context mContext
    boolean mStarted
    boolean mAbandoned
    boolean mReset
    boolean mContentChanged
    boolean mProcessingChange
com.google.common.util.concurrent.AbstractService
com.google.common.base.Defaults
com.google.common.util.concurrent.Futures$InCompletionOrderFuture
kotlin.collections.AbstractList$Companion
kotlin.DeepRecursiveScope